1580124698223	geckodriver	INFO	geckodriver 0.21.0
1580124698232	geckodriver	INFO	Listening on 127.0.0.1:63742
1580124702658	mozrunner::runner	INFO	Running command: "C:\\Program Files\\Firefox Developer Edition\\firefox.exe" "-marionette" "-foreground" "-no-remote" "-profile" "C:\\Users\\vikgaur\\AppData\\Local\\Temp\\rust_mozprofile.mxRs3CGBcSOH"
1580124712505	addons.webextension.doh-rollout@mozilla.org	WARN	Loading extension 'doh-rollout@mozilla.org': Reading manifest: Invalid extension permission: networkStatus
1580124714453	addons.webextension.screenshots@mozilla.org	WARN	Loading extension 'screenshots@mozilla.org': Reading manifest: Invalid extension permission: mozillaAddons
1580124714454	addons.webextension.screenshots@mozilla.org	WARN	Loading extension 'screenshots@mozilla.org': Reading manifest: Invalid extension permission: telemetry
1580124714454	addons.webextension.screenshots@mozilla.org	WARN	Loading extension 'screenshots@mozilla.org': Reading manifest: Invalid extension permission: resource://pdf.js/
1580124714454	addons.webextension.screenshots@mozilla.org	WARN	Loading extension 'screenshots@mozilla.org': Reading manifest: Invalid extension permission: about:reader*
1580124714868	Marionette	TRACE	Received observer notification profile-after-change
1580124715132	Marionette	TRACE	Received observer notification toplevel-window-ready
1580124715259	Marionette	TRACE	Received observer notification command-line-startup
1580124715259	Marionette	DEBUG	Init aborted (running=false, enabled=true, finalUIStartup=false)
1580124715460	Marionette	TRACE	Received observer notification toplevel-window-ready
1580124720603	Marionette	TRACE	Received observer notification marionette-startup-requested
1580124720615	Marionette	TRACE	GFX sanity window detected, waiting until it has been closed...
JavaScript error: resource://gre/modules/XULStore.jsm, line 66: Error: Can't find profile directory.
1580124724995	Marionette	TRACE	Received observer notification domwindowclosed
1580124724995	Marionette	TRACE	Waiting until startup recorder finished recording startup scripts...
1580124725004	Marionette	TRACE	All scripts recorded.
1580124725004	Marionette	DEBUG	Setting recommended pref app.update.disabledForTesting to true
1580124725005	Marionette	DEBUG	Setting recommended pref apz.content_response_timeout to 60000
1580124725005	Marionette	DEBUG	Setting recommended pref browser.contentblocking.introCount to 99
1580124725005	Marionette	DEBUG	Setting recommended pref browser.download.panel.shown to true
1580124725006	Marionette	DEBUG	Setting recommended pref browser.newtabpage.enabled to false
1580124725007	Marionette	DEBUG	Setting recommended pref browser.pagethumbnails.capturing_disabled to true
1580124725008	Marionette	DEBUG	Setting recommended pref browser.search.update to false
1580124725009	Marionette	DEBUG	Setting recommended pref browser.tabs.disableBackgroundZombification to false
1580124725009	Marionette	DEBUG	Setting recommended pref browser.tabs.remote.separatePrivilegedContentProcess to false
1580124725009	Marionette	DEBUG	Setting recommended pref browser.tabs.unloadOnLowMemory to false
1580124725009	Marionette	DEBUG	Setting recommended pref browser.tabs.warnOnCloseOtherTabs to false
1580124725010	Marionette	DEBUG	Setting recommended pref browser.tabs.warnOnOpen to false
1580124725010	Marionette	DEBUG	Setting recommended pref browser.usedOnWindows10.introURL to 
1580124725010	Marionette	DEBUG	Setting recommended pref browser.urlbar.suggest.searches to false
1580124725012	Marionette	DEBUG	Setting recommended pref datareporting.policy.dataSubmissionPolicyAccepted to false
1580124725012	Marionette	DEBUG	Setting recommended pref dom.disable_beforeunload to true
1580124725012	Marionette	DEBUG	Setting recommended pref dom.disable_open_during_load to false
1580124725013	Marionette	DEBUG	Setting recommended pref dom.file.createInChild to true
1580124725013	Marionette	DEBUG	Setting recommended pref dom.max_chrome_script_run_time to 0
1580124725013	Marionette	DEBUG	Setting recommended pref dom.max_script_run_time to 0
1580124725015	Marionette	DEBUG	Setting recommended pref dom.push.connection.enabled to false
1580124725015	Marionette	DEBUG	Setting recommended pref extensions.getAddons.cache.enabled to false
1580124725015	Marionette	DEBUG	Setting recommended pref extensions.webservice.discoverURL to http://%(server)s/dummy/discoveryURL
1580124725015	Marionette	DEBUG	Setting recommended pref network.http.prompt-temp-redirect to false
1580124725016	Marionette	DEBUG	Setting recommended pref network.http.speculative-parallel-limit to 0
1580124725016	Marionette	DEBUG	Setting recommended pref privacy.trackingprotection.enabled to false
1580124725016	Marionette	DEBUG	Setting recommended pref security.certerrors.mitm.priming.enabled to false
1580124725018	Marionette	DEBUG	Setting recommended pref security.fileuri.strict_origin_policy to false
1580124725020	Marionette	DEBUG	Setting recommended pref security.notification_enable_delay to 0
1580124725023	Marionette	DEBUG	Setting recommended pref signon.autofillForms to false
1580124725023	Marionette	DEBUG	Setting recommended pref signon.rememberSignons to false
1580124725024	Marionette	DEBUG	Setting recommended pref toolkit.cosmeticAnimations.enabled to false
1580124725777	Marionette	INFO	Listening on port 63752
1580124725777	Marionette	DEBUG	Marionette is listening
1580124726237	Marionette	DEBUG	Accepted connection 0 from 127.0.0.1:63796
1580124726255	Marionette	DEBUG	0 -> [0,1,"WebDriver:NewSession",{"acceptInsecureCerts":true,"browserName":"firefox","capabilities":{"desiredCapabilities":{"acceptInsecureCerts":true,"browserName":"firefox"}}}]
1580124726256	Marionette	WARN	TLS certificate errors will be ignored for this session
1580124726330	Marionette	TRACE	[21] Frame script loaded
1580124726332	Marionette	TRACE	[21] Frame script registered
1580124726338	Marionette	TRACE	[27] Frame script loaded
1580124726341	Marionette	DEBUG	0 <- [1,1,null,{"sessionId":"f3ad1d82-118d-44d1-b6e3-9ac57421fa96","capabilities":{"browserName":"firefox","browserVersion":"73.0" ... alse,"moz:webdriverClick":true,"capabilities":{"desiredCapabilities":{"acceptInsecureCerts":true,"browserName":"firefox"}}}}]
1580124726348	Marionette	TRACE	[27] Frame script registered
1580124726361	Marionette	DEBUG	0 -> [0,2,"WebDriver:Navigate",{"url":"https://www.rahulshettyacademy.com/angularpractice/"}]
1580124726371	Marionette	TRACE	[21] Received DOM event beforeunload for about:blank
1580124726681	Marionette	TRACE	[21] Received DOM event pagehide for about:blank
1580124728089	Marionette	TRACE	[21] Received DOM event DOMContentLoaded for https://www.rahulshettyacademy.com/angularpractice/
1580124728104	Marionette	TRACE	[21] Received DOM event pageshow for https://www.rahulshettyacademy.com/angularpractice/
1580124728112	Marionette	DEBUG	0 <- [1,2,null,{"value":null}]
1580124728124	Marionette	DEBUG	0 -> [0,3,"WebDriver:MaximizeWindow",{}]
1580124728125	Marionette	DEBUG	0 <- [1,3,null,{"x":-8,"y":-8,"width":1382,"height":744}]
1580124728137	Marionette	DEBUG	0 -> [0,4,"WebDriver:FindElement",{"using":"xpath","value":"//*[@href= '/angularpractice/shop']"}]
1580124728225	Marionette	DEBUG	0 <- [1,4,null,{"value":{"element-6066-11e4-a52e-4f735466cecf":"2f3a0100-c996-4147-880c-b836ec509532"}}]
1580124728236	Marionette	DEBUG	0 -> [0,5,"WebDriver:ElementClick",{"id":"2f3a0100-c996-4147-880c-b836ec509532"}]
1580124728267	Marionette	TRACE	[21] Received DOM event beforeunload for https://www.rahulshettyacademy.com/angularpractice/
1580124728331	Marionette	TRACE	[21] Received DOM event pagehide for https://www.rahulshettyacademy.com/angularpractice/
1580124728333	Marionette	TRACE	[21] Received DOM event unload for https://www.rahulshettyacademy.com/angularpractice/
1580124728852	Marionette	TRACE	[21] Received DOM event DOMContentLoaded for https://www.rahulshettyacademy.com/angularpractice/shop
1580124729353	Marionette	TRACE	[21] Received DOM event pageshow for https://www.rahulshettyacademy.com/angularpractice/shop
1580124729355	Marionette	DEBUG	0 <- [1,5,null,{"value":null}]
1580124729369	Marionette	DEBUG	0 -> [0,6,"WebDriver:FindElement",{"using":"xpath","value":"//*[@class= 'col-lg-9']//*[@class='col-lg-3 col-md-6 mb-3'][1]//*[@class='btn btn-info']"}]
1580124729380	Marionette	DEBUG	0 <- [1,6,null,{"value":{"element-6066-11e4-a52e-4f735466cecf":"bd918101-aba6-40fe-b8c5-5bd8d9a18a95"}}]
1580124729391	Marionette	DEBUG	0 -> [0,7,"WebDriver:ElementClick",{"id":"bd918101-aba6-40fe-b8c5-5bd8d9a18a95"}]
1580124729613	Marionette	DEBUG	[21] Canceled page load listener because no navigation has been detected
1580124729614	Marionette	DEBUG	0 <- [1,7,null,{"value":null}]
1580124729624	Marionette	DEBUG	0 -> [0,8,"WebDriver:FindElement",{"using":"xpath","value":"//*[@class='nav-link btn btn-primary']"}]
1580124729627	Marionette	DEBUG	0 <- [1,8,null,{"value":{"element-6066-11e4-a52e-4f735466cecf":"54ca68f5-0bb4-4828-b1ae-ba8d52bd116a"}}]
1580124729636	Marionette	DEBUG	0 -> [0,9,"WebDriver:ElementClick",{"id":"54ca68f5-0bb4-4828-b1ae-ba8d52bd116a"}]
JavaScript error: resource://gre/modules/XULStore.jsm, line 66: Error: Can't find profile directory.
JavaScript error: resource://gre/modules/XULStore.jsm, line 66: Error: Can't find profile directory.
1580124729863	Marionette	DEBUG	[21] Canceled page load listener because no navigation has been detected
1580124729864	Marionette	DEBUG	0 <- [1,9,null,{"value":null}]
1580124729874	Marionette	DEBUG	0 -> [0,10,"WebDriver:FindElement",{"using":"xpath","value":"//*[@class='btn btn-success']"}]
1580124729876	Marionette	DEBUG	0 <- [1,10,null,{"value":{"element-6066-11e4-a52e-4f735466cecf":"efb6779d-72e3-4faf-bf85-86e1ed48587c"}}]
1580124729886	Marionette	DEBUG	0 -> [0,11,"WebDriver:ElementClick",{"id":"efb6779d-72e3-4faf-bf85-86e1ed48587c"}]
1580124730226	Marionette	DEBUG	[21] Canceled page load listener because no navigation has been detected
1580124730227	Marionette	DEBUG	0 <- [1,11,null,{"value":null}]
1580124730237	Marionette	DEBUG	0 -> [0,12,"WebDriver:FindElement",{"using":"xpath","value":"//*[@id='country']"}]
1580124730239	Marionette	DEBUG	0 <- [1,12,null,{"value":{"element-6066-11e4-a52e-4f735466cecf":"1c2781a4-2a4b-405b-99c8-c9f8a4292bcc"}}]
1580124730248	Marionette	DEBUG	0 -> [0,13,"WebDriver:ElementSendKeys",{"id":"1c2781a4-2a4b-405b-99c8-c9f8a4292bcc","text":"INDIA","value":["I","N","D","I","A"]}]
1580124730293	Marionette	DEBUG	0 <- [1,13,null,{"value":null}]
1580124730306	Marionette	DEBUG	0 -> [0,14,"WebDriver:FindElement",{"using":"xpath","value":"//*[@class='btn btn-success btn-lg']"}]
1580124730309	Marionette	DEBUG	0 <- [1,14,null,{"value":{"element-6066-11e4-a52e-4f735466cecf":"e68650fc-aefe-41e6-9d43-bafc870b83e5"}}]
1580124730321	Marionette	DEBUG	0 -> [0,15,"WebDriver:ElementClick",{"id":"e68650fc-aefe-41e6-9d43-bafc870b83e5"}]
1580124730547	Marionette	DEBUG	[21] Canceled page load listener because no navigation has been detected
1580124730547	Marionette	DEBUG	0 <- [1,15,null,{"value":null}]
1580124730557	Marionette	DEBUG	0 -> [0,16,"Marionette:Quit",{"flags":["eForceQuit"]}]
1580124730559	Marionette	INFO	Stopped listening on port 63752
1580124730669	Marionette	TRACE	Received observer notification quit-application
1580124730676	Marionette	DEBUG	0 <- [1,16,null,{"cause":"shutdown"}]
1580124730726	Marionette	DEBUG	0 -> [0,17,"Marionette:Quit",{"flags":["eForceQuit"]}]
1580124730727	Marionette	DEBUG	0 <- [1,17,{"error":"invalid session id","message":"Tried to run command without establishing a connection","stacktrace":"WebDrive ... t@chrome://marionette/content/server.js:249:9\n_onJSONObjectReady/<@chrome://marionette/content/transport.js:501:20\n"},null]
1580124730753	Marionette	DEBUG	Closed connection 0
1580124734544	Marionette	TRACE	Received observer notification xpcom-will-shutdown
1580124734544	Marionette	DEBUG	Resetting recommended pref app.update.disabledForTesting
1580124734545	Marionette	DEBUG	Resetting recommended pref apz.content_response_timeout
1580124734545	Marionette	DEBUG	Resetting recommended pref browser.contentblocking.introCount
1580124734545	Marionette	DEBUG	Resetting recommended pref browser.download.panel.shown
1580124734545	Marionette	DEBUG	Resetting recommended pref browser.newtabpage.enabled
1580124734546	Marionette	DEBUG	Resetting recommended pref browser.pagethumbnails.capturing_disabled
1580124734546	Marionette	DEBUG	Resetting recommended pref browser.search.update
1580124734546	Marionette	DEBUG	Resetting recommended pref browser.tabs.disableBackgroundZombification
1580124734546	Marionette	DEBUG	Resetting recommended pref browser.tabs.remote.separatePrivilegedContentProcess
1580124734546	Marionette	DEBUG	Resetting recommended pref browser.tabs.unloadOnLowMemory
1580124734546	Marionette	DEBUG	Resetting recommended pref browser.tabs.warnOnCloseOtherTabs
1580124734546	Marionette	DEBUG	Resetting recommended pref browser.tabs.warnOnOpen
1580124734546	Marionette	DEBUG	Resetting recommended pref browser.usedOnWindows10.introURL
1580124734546	Marionette	DEBUG	Resetting recommended pref browser.urlbar.suggest.searches
1580124734547	Marionette	DEBUG	Resetting recommended pref datareporting.policy.dataSubmissionPolicyAccepted
1580124734547	Marionette	DEBUG	Resetting recommended pref dom.disable_beforeunload
1580124734547	Marionette	DEBUG	Resetting recommended pref dom.disable_open_during_load
1580124734547	Marionette	DEBUG	Resetting recommended pref dom.file.createInChild
1580124734547	Marionette	DEBUG	Resetting recommended pref dom.max_chrome_script_run_time
1580124734547	Marionette	DEBUG	Resetting recommended pref dom.max_script_run_time
1580124734548	Marionette	DEBUG	Resetting recommended pref dom.push.connection.enabled
1580124734548	Marionette	DEBUG	Resetting recommended pref extensions.getAddons.cache.enabled
1580124734548	Marionette	DEBUG	Resetting recommended pref extensions.webservice.discoverURL
1580124734548	Marionette	DEBUG	Resetting recommended pref network.http.prompt-temp-redirect
1580124734548	Marionette	DEBUG	Resetting recommended pref network.http.speculative-parallel-limit
1580124734549	Marionette	DEBUG	Resetting recommended pref privacy.trackingprotection.enabled
1580124734549	Marionette	DEBUG	Resetting recommended pref security.certerrors.mitm.priming.enabled
1580124734549	Marionette	DEBUG	Resetting recommended pref security.fileuri.strict_origin_policy
1580124734549	Marionette	DEBUG	Resetting recommended pref security.notification_enable_delay
1580124734549	Marionette	DEBUG	Resetting recommended pref signon.autofillForms
1580124734549	Marionette	DEBUG	Resetting recommended pref signon.rememberSignons
1580124734549	Marionette	DEBUG	Resetting recommended pref toolkit.cosmeticAnimations.enabled
1580124734550	Marionette	DEBUG	Marionette stopped listening

###!!! [Child][RunMessage] Error: Channel closing: too late to send/recv, messages will be lost


###!!! [Child][MessageChannel::SendAndWait] Error: Channel error: cannot send/recv

